  [1m[35m (0.6ms)[0m  [1m[35mCREATE TABLE "schema_migrations" ("version" varchar NOT NULL PRIMARY KEY)[0m
  [1m[35m (0.3ms)[0m  [1m[35mCREATE TABLE "ar_internal_metadata" ("key" varchar NOT NULL PRIMARY KEY, "value" varchar, "created_at" datetime(6) NOT NULL, "updated_at" datetime(6) NOT NULL)[0m
  [1m[36mActiveRecord::SchemaMigration Pluck (1.5ms)[0m  [1m[34mSELECT "schema_migrations"."version" FROM "schema_migrations" ORDER BY "schema_migrations"."version" ASC[0m
Migrating to CreateUsers (20230222175402)
  [1m[36mTRANSACTION (0.0ms)[0m  [1m[36mbegin transaction[0m
  [1m[35m (0.2ms)[0m  [1m[35mCREATE TABLE "users" ("id" integer PRIMARY KEY AUTOINCREMENT NOT NULL, "first_name" varchar, "last_name" varchar, "created_at" datetime(6) NOT NULL, "updated_at" datetime(6) NOT NULL)[0m
  [1m[36mActiveRecord::SchemaMigration Create (0.1ms)[0m  [1m[32mINSERT INTO "schema_migrations" ("version") VALUES (?)[0m  [["version", "20230222175402"]]
  [1m[36mTRANSACTION (0.3ms)[0m  [1m[36mcommit transaction[0m
  [1m[36mActiveRecord::InternalMetadata Load (0.0ms)[0m  [1m[34mSELECT "ar_internal_metadata".* FROM "ar_internal_metadata" WHERE "ar_internal_metadata"."key" = ? LIMIT ?[0m  [["key", "environment"], ["LIMIT", 1]]
  [1m[36mTRANSACTION (0.0ms)[0m  [1m[36mbegin transaction[0m
  [1m[36mActiveRecord::InternalMetadata Create (0.1ms)[0m  [1m[32mINSERT INTO "ar_internal_metadata" ("key", "value", "created_at", "updated_at") VALUES (?, ?, ?, ?)[0m  [["key", "environment"], ["value", "development"], ["created_at", "2023-02-22 17:54:51.815252"], ["updated_at", "2023-02-22 17:54:51.815252"]]
  [1m[36mTRANSACTION (0.2ms)[0m  [1m[36mcommit transaction[0m
  [1m[36mActiveRecord::SchemaMigration Pluck (0.0ms)[0m  [1m[34mSELECT "schema_migrations"."version" FROM "schema_migrations" ORDER BY "schema_migrations"."version" ASC[0m
  [1m[36mTRANSACTION (0.1ms)[0m  [1m[36mbegin transaction[0m
  [1m[36mUser Create (2.1ms)[0m  [1m[32mINSERT INTO "users" ("first_name", "last_name", "created_at", "updated_at") VALUES (?, ?, ?, ?)[0m  [["first_name", "alan"], ["last_name", "escanda"], ["created_at", "2023-02-22 17:55:28.732037"], ["updated_at", "2023-02-22 17:55:28.732037"]]
  [1m[36mTRANSACTION (0.8ms)[0m  [1m[36mcommit transaction[0m
  [1m[36mUser Count (0.1ms)[0m  [1m[34mSELECT COUNT(*) FROM "users"[0m
Started GET "/app.66b37b891e58adf10dea.js" for ::1 at 2023-02-22 14:56:00 -0300
  [1m[36mActiveRecord::SchemaMigration Pluck (0.1ms)[0m  [1m[34mSELECT "schema_migrations"."version" FROM "schema_migrations" ORDER BY "schema_migrations"."version" ASC[0m
  
ActionController::RoutingError (No route matches [GET] "/app.66b37b891e58adf10dea.js"):
  
Started GET "/users/show/1" for ::1 at 2023-02-22 14:56:10 -0300
  
ActionController::RoutingError (No route matches [GET] "/users/show/1"):
  
Started GET "/users/show" for ::1 at 2023-02-22 14:56:12 -0300
  
ActionController::RoutingError (No route matches [GET] "/users/show"):
  
Started GET "/users/1" for ::1 at 2023-02-22 14:59:47 -0300
Processing by UsersController#show as HTML
  Parameters: {"id"=>"1"}
  [1m[36mUser Load (0.5ms)[0m  [1m[34mSELECT "users".* FROM "users" WHERE "users"."id" = ? LIMIT ?[0m  [["id", 1], ["LIMIT", 1]]
  ↳ app/controllers/users_controller.rb:10:in `set_user'
  Rendering layout layouts/application.html.erb
  Rendering users/show.html.erb within layouts/application
  Rendered users/show.html.erb within layouts/application (Duration: 0.4ms | Allocations: 149)
  Rendered layout layouts/application.html.erb (Duration: 141.1ms | Allocations: 91948)
Completed 200 OK in 166ms (Views: 142.1ms | ActiveRecord: 1.0ms | Allocations: 101431)


Started GET "/users/2" for ::1 at 2023-02-22 14:59:52 -0300
Processing by UsersController#show as HTML
  Parameters: {"id"=>"2"}
  [1m[36mUser Load (0.1ms)[0m  [1m[34mSELECT "users".* FROM "users" WHERE "users"."id" = ? LIMIT ?[0m  [["id", 2], ["LIMIT", 1]]
  ↳ app/controllers/users_controller.rb:10:in `set_user'
Completed 404 Not Found in 2ms (ActiveRecord: 0.1ms | Allocations: 1018)


  
ActiveRecord::RecordNotFound (Couldn't find User with 'id'=2):
  
app/controllers/users_controller.rb:10:in `set_user'
Started GET "/users/1" for ::1 at 2023-02-22 14:59:54 -0300
Processing by UsersController#show as HTML
  Parameters: {"id"=>"1"}
  [1m[36mUser Load (0.2ms)[0m  [1m[34mSELECT "users".* FROM "users" WHERE "users"."id" = ? LIMIT ?[0m  [["id", 1], ["LIMIT", 1]]
  ↳ app/controllers/users_controller.rb:10:in `set_user'
  Rendering layout layouts/application.html.erb
  Rendering users/show.html.erb within layouts/application
  Rendered users/show.html.erb within layouts/application (Duration: 0.1ms | Allocations: 11)
  Rendered layout layouts/application.html.erb (Duration: 4.7ms | Allocations: 2534)
Completed 200 OK in 7ms (Views: 5.3ms | ActiveRecord: 0.2ms | Allocations: 3294)


Started GET "/users/1" for ::1 at 2023-02-22 15:03:42 -0300
Processing by UsersController#show as HTML
  Parameters: {"id"=>"1"}
  [1m[36mUser Load (0.3ms)[0m  [1m[34mSELECT "users".* FROM "users" WHERE "users"."id" = ? LIMIT ?[0m  [["id", 1], ["LIMIT", 1]]
  ↳ app/controllers/users_controller.rb:10:in `set_user'
  Rendering layout layouts/application.html.erb
  Rendering users/show.html.erb within layouts/application
  Rendered users/show.html.erb within layouts/application (Duration: 1.8ms | Allocations: 1129)
  Rendered layout layouts/application.html.erb (Duration: 2.0ms | Allocations: 1217)
Completed 500 Internal Server Error in 10ms (ActiveRecord: 0.3ms | Allocations: 2454)


  
ActionView::Template::Error (You invoked render but did not give any of :partial, :template, :inline, :file, :plain, :html or :body option.):
    1: <% render layout: 'user_full_name' %>
  
app/views/users/show.html.erb:1
Started GET "/users/1" for ::1 at 2023-02-22 15:06:01 -0300
Processing by UsersController#show as HTML
  Parameters: {"id"=>"1"}
  [1m[36mUser Load (0.1ms)[0m  [1m[34mSELECT "users".* FROM "users" WHERE "users"."id" = ? LIMIT ?[0m  [["id", 1], ["LIMIT", 1]]
  ↳ app/controllers/users_controller.rb:10:in `set_user'
  Rendering layout layouts/application.html.erb
  Rendering users/show.html.erb within layouts/application
  Rendered users/show.html.erb within layouts/application (Duration: 0.8ms | Allocations: 1111)
  Rendered layout layouts/application.html.erb (Duration: 1.0ms | Allocations: 1200)
Completed 500 Internal Server Error in 5ms (ActiveRecord: 0.1ms | Allocations: 2508)


  
ActionView::SyntaxErrorInTemplate (Encountered a syntax error while rendering template: check <% render partial: 'users/layouts/user_full_name', , locals:{user:@user} %>

):
1:    <% render partial: 'users/layouts/user_full_name', , locals:{user:@user} %>
  
app/views/users/show.html.erb:1: syntax error, unexpected ','
app/views/users/show.html.erb:1: syntax error, unexpected ','
app/views/users/show.html.erb:1: syntax error, unexpected ','
app/views/users/show.html.erb:1: syntax error, unexpected ','
app/views/users/show.html.erb:1: syntax error, unexpected ','
app/views/users/show.html.erb:1: syntax error, unexpected ','
Started GET "/users/1" for ::1 at 2023-02-22 15:06:13 -0300
Processing by UsersController#show as HTML
  Parameters: {"id"=>"1"}
  [1m[36mUser Load (0.5ms)[0m  [1m[34mSELECT "users".* FROM "users" WHERE "users"."id" = ? LIMIT ?[0m  [["id", 1], ["LIMIT", 1]]
  ↳ app/controllers/users_controller.rb:10:in `set_user'
  Rendering layout layouts/application.html.erb
  Rendering users/show.html.erb within layouts/application
  Rendered users/show.html.erb within layouts/application (Duration: 4.0ms | Allocations: 1845)
  Rendered layout layouts/application.html.erb (Duration: 4.2ms | Allocations: 1933)
Completed 500 Internal Server Error in 13ms (ActiveRecord: 0.5ms | Allocations: 3253)


  
ActionView::Template::Error (Missing partial users/layouts/_user_full_name with {:locale=>[:en], :formats=>[:html], :variants=>[], :handlers=>[:raw, :erb, :html, :builder, :ruby, :jbuilder]}.

Searched in:
  * "/Users/alanescanda/teladoc_health/app/views"
  * "/Users/alanescanda/.rbenv/versions/3.1.2/lib/ruby/gems/3.1.0/gems/actiontext-7.0.4.2/app/views"
  * "/Users/alanescanda/.rbenv/versions/3.1.2/lib/ruby/gems/3.1.0/gems/actionmailbox-7.0.4.2/app/views"

Did you mean?  active_storage/blobs/blob
               action_text/attachables/remote_image
               action_text/contents/content
               layouts/action_text/contents/content
               action_text/attachables/missing_attachable
               action_text/attachment_galleries/attachment_gallery):
    1: <% render partial: 'users/layouts/user_full_name', locals:{user:@user} %>
  
app/views/users/show.html.erb:1
Started GET "/users/1" for ::1 at 2023-02-22 15:06:29 -0300
Processing by UsersController#show as HTML
  Parameters: {"id"=>"1"}
  [1m[36mUser Load (0.2ms)[0m  [1m[34mSELECT "users".* FROM "users" WHERE "users"."id" = ? LIMIT ?[0m  [["id", 1], ["LIMIT", 1]]
  ↳ app/controllers/users_controller.rb:10:in `set_user'
  Rendering layout layouts/application.html.erb
  Rendering users/show.html.erb within layouts/application
  Rendered users/layouts/_user_full_name.html.erb (Duration: 0.3ms | Allocations: 109)
  Rendered users/show.html.erb within layouts/application (Duration: 1.0ms | Allocations: 355)
  Rendered layout layouts/application.html.erb (Duration: 9.2ms | Allocations: 3319)
Completed 200 OK in 14ms (Views: 10.9ms | ActiveRecord: 0.2ms | Allocations: 4653)


Started GET "/users/1" for ::1 at 2023-02-22 15:06:34 -0300
Processing by UsersController#show as HTML
  Parameters: {"id"=>"1"}
  [1m[36mUser Load (0.2ms)[0m  [1m[34mSELECT "users".* FROM "users" WHERE "users"."id" = ? LIMIT ?[0m  [["id", 1], ["LIMIT", 1]]
  ↳ app/controllers/users_controller.rb:10:in `set_user'
  Rendering layout layouts/application.html.erb
  Rendering users/show.html.erb within layouts/application
  Rendered users/layouts/_user_full_name.html.erb (Duration: 0.2ms | Allocations: 107)
  Rendered users/show.html.erb within layouts/application (Duration: 1.1ms | Allocations: 356)
  Rendered layout layouts/application.html.erb (Duration: 5.1ms | Allocations: 3336)
Completed 200 OK in 10ms (Views: 6.5ms | ActiveRecord: 0.2ms | Allocations: 4676)


Started GET "/users/other_1/1" for ::1 at 2023-02-22 15:10:18 -0300
  
ActionController::RoutingError (No route matches [GET] "/users/other_1/1"):
  
